app/build/intermediates/manifest_merge_blame_file/debug/manifest-merger-blame-debug-report.txt
1<?xml version="1.0" encoding="utf-8"?>
2<manifest xmlns:android="http://schemas.android.com/apk/res/android"
3    package="com.example.movierater"
4    android:versionCode="1"
5    android:versionName="1.0" >
6
7    <uses-sdk
8        android:minSdkVersion="23"
8-->src/main/AndroidManifest.xml
9        android:targetSdkVersion="28" />
9-->src/main/AndroidManifest.xml
10
11    <!-- Although the *SdkVersion is captured in gradle build files, this is required for non gradle builds -->
12    <!-- <uses-sdk android:minSdkVersion="14"/> -->
13    <uses-permission android:name="android.permission.ACCESS_NETWORK_STATE" />
13-->[com.google.firebase:firebase-database:19.1.0] AndroidManifest.xml:25:5-79
13-->[com.google.firebase:firebase-database:19.1.0] AndroidManifest.xml:25:22-76
14    <uses-permission android:name="android.permission.INTERNET" />
14-->[com.google.firebase:firebase-database:19.1.0] AndroidManifest.xml:26:5-67
14-->[com.google.firebase:firebase-database:19.1.0] AndroidManifest.xml:26:22-64
15
16    <application
16-->src/main/AndroidManifest.xml:7:5-41:19
17        android:allowBackup="true"
17-->src/main/AndroidManifest.xml:8:9-35
18        android:appComponentFactory="androidx.core.app.CoreComponentFactory"
18-->[androidx.core:core:1.0.0] AndroidManifest.xml:22:18-86
19        android:debuggable="true"
20        android:fullBackupContent="true"
20-->src/main/AndroidManifest.xml:9:9-41
21        android:icon="@mipmap/ic_launcher"
21-->src/main/AndroidManifest.xml:10:9-43
22        android:label="@string/app_name"
22-->src/main/AndroidManifest.xml:11:9-41
23        android:roundIcon="@mipmap/ic_launcher_round"
23-->src/main/AndroidManifest.xml:12:9-54
24        android:supportsRtl="true"
24-->src/main/AndroidManifest.xml:13:9-35
25        android:testOnly="true"
26        android:theme="@style/AppTheme" >
26-->src/main/AndroidManifest.xml:14:9-40
27        <activity
27-->src/main/AndroidManifest.xml:15:9-22:20
28            android:name="com.example.movierater.MainActivity"
28-->src/main/AndroidManifest.xml:15:19-47
29            android:screenOrientation="portrait" >
29-->src/main/AndroidManifest.xml:16:13-49
30            <intent-filter>
30-->src/main/AndroidManifest.xml:17:13-21:29
31                <action android:name="android.intent.action.MAIN" />
31-->src/main/AndroidManifest.xml:18:17-69
31-->src/main/AndroidManifest.xml:18:25-66
32
33                <category android:name="android.intent.category.LAUNCHER" />
33-->src/main/AndroidManifest.xml:20:17-77
33-->src/main/AndroidManifest.xml:20:27-74
34            </intent-filter>
35        </activity>
36        <activity
36-->src/main/AndroidManifest.xml:24:9-27:20
37            android:name="com.example.movierater.Registration"
37-->src/main/AndroidManifest.xml:24:19-69
38            android:screenOrientation="portrait" >
38-->src/main/AndroidManifest.xml:25:13-49
39        </activity>
40        <activity
40-->src/main/AndroidManifest.xml:29:9-32:20
41            android:name="com.example.movierater.Search"
41-->src/main/AndroidManifest.xml:29:19-63
42            android:screenOrientation="portrait" >
42-->src/main/AndroidManifest.xml:30:13-49
43        </activity>
44        <activity
44-->src/main/AndroidManifest.xml:34:9-37:20
45            android:name="com.example.movierater.Results"
45-->src/main/AndroidManifest.xml:34:19-64
46            android:screenOrientation="portrait" >
46-->src/main/AndroidManifest.xml:35:13-49
47        </activity>
48
49        <service
49-->[com.google.firebase:firebase-database:19.1.0] AndroidManifest.xml:29:9-35:19
50            android:name="com.google.firebase.components.ComponentDiscoveryService"
50-->[com.google.firebase:firebase-database:19.1.0] AndroidManifest.xml:30:13-84
51            android:directBootAware="true"
51-->[com.google.firebase:firebase-common:19.1.0] AndroidManifest.xml:14:13-43
52            android:exported="false" >
52-->[com.google.firebase:firebase-database:19.1.0] AndroidManifest.xml:31:13-37
53            <meta-data
53-->[com.google.firebase:firebase-database:19.1.0] AndroidManifest.xml:32:13-34:85
54                android:name="com.google.firebase.components:com.google.firebase.database.DatabaseRegistrar"
54-->[com.google.firebase:firebase-database:19.1.0] AndroidManifest.xml:33:17-109
55                android:value="com.google.firebase.components.ComponentRegistrar" />
55-->[com.google.firebase:firebase-database:19.1.0] AndroidManifest.xml:34:17-82
56            <meta-data
56-->[com.google.firebase:firebase-storage:19.1.0] AndroidManifest.xml:33:13-35:85
57                android:name="com.google.firebase.components:com.google.firebase.storage.StorageRegistrar"
57-->[com.google.firebase:firebase-storage:19.1.0] AndroidManifest.xml:34:17-107
58                android:value="com.google.firebase.components.ComponentRegistrar" />
58-->[com.google.firebase:firebase-storage:19.1.0] AndroidManifest.xml:35:17-82
59        </service>
60
61        <provider
61-->[com.squareup.picasso:picasso:2.71828] AndroidManifest.xml:8:9-11:40
62            android:name="com.squareup.picasso.PicassoProvider"
62-->[com.squareup.picasso:picasso:2.71828] AndroidManifest.xml:9:13-64
63            android:authorities="com.example.movierater.com.squareup.picasso"
63-->[com.squareup.picasso:picasso:2.71828] AndroidManifest.xml:10:13-72
64            android:exported="false" />
64-->[com.squareup.picasso:picasso:2.71828] AndroidManifest.xml:11:13-37
65
66        <activity
66-->[com.google.android.gms:play-services-base:17.0.0] AndroidManifest.xml:23:9-26:75
67            android:name="com.google.android.gms.common.api.GoogleApiActivity"
67-->[com.google.android.gms:play-services-base:17.0.0] AndroidManifest.xml:24:13-79
68            android:exported="false"
68-->[com.google.android.gms:play-services-base:17.0.0] AndroidManifest.xml:25:13-37
69            android:theme="@android:style/Theme.Translucent.NoTitleBar" />
69-->[com.google.android.gms:play-services-base:17.0.0] AndroidManifest.xml:26:13-72
70
71        <provider
71-->[com.google.firebase:firebase-common:19.1.0] AndroidManifest.xml:17:9-21:39
72            android:name="com.google.firebase.provider.FirebaseInitProvider"
72-->[com.google.firebase:firebase-common:19.1.0] AndroidManifest.xml:18:13-77
73            android:authorities="com.example.movierater.firebaseinitprovider"
73-->[com.google.firebase:firebase-common:19.1.0] AndroidManifest.xml:19:13-72
74            android:exported="false"
74-->[com.google.firebase:firebase-common:19.1.0] AndroidManifest.xml:20:13-37
75            android:initOrder="100" />
75-->[com.google.firebase:firebase-common:19.1.0] AndroidManifest.xml:21:13-36
76
77        <meta-data
77-->[com.google.android.gms:play-services-basement:17.0.0] AndroidManifest.xml:23:9-25:69
78            android:name="com.google.android.gms.version"
78-->[com.google.android.gms:play-services-basement:17.0.0] AndroidManifest.xml:24:13-58
79            android:value="@integer/google_play_services_version" />
79-->[com.google.android.gms:play-services-basement:17.0.0] AndroidManifest.xml:25:13-66
80    </application>
81
82</manifest>